<?xml version="1.0" encoding="UTF-8"?>
<robot generator="Robot 7.3.2 (Python 3.11.0 on win32)" generated="2025-08-22T16:58:22.724706" rpa="false" schemaversion="5">
<suite id="s1" name="RF project" source="D:\RF_project">
<suite id="s1-s1" name="Robot" source="D:\RF_project\robot">
<suite id="s1-s1-s1" name="Test Cart" source="D:\RF_project\robot\test_cart.robot">
<kw name="Open SauceDemo On Browser" owner="login" type="SETUP">
<kw name="New Browser" owner="Browser">
<msg time="2025-08-22T16:58:23.162630" level="INFO">{"browser": "chromium", "headless": false, "chromiumSandbox": false, "devtools": false, "handleSIGHUP": true, "handleSIGINT": true, "handleSIGTERM": true, "slowMo": 1000.0, "timeout": 30000.0, "tracesDir": "D:\\RF_project\\results\\browser\\traces\\temp\\9dd1d19e-80fb-4f0d-920d-fb0e525ca014"}</msg>
<msg time="2025-08-22T16:58:23.213571" level="INFO">Starting Browser process D:\RF_project\venv\Lib\site-packages\Browser\wrapper\index.js using at 127.0.0.1:62247</msg>
<msg time="2025-08-22T16:58:24.608623" level="INFO">Successfully created browser with options: {"browser":"chromium","headless":false,"chromiumSandbox":false,"devtools":false,"handleSIGHUP":true,"handleSIGINT":true,"handleSIGTERM":true,"slowMo":1000,"timeout":30000,"tracesDir":"D:\\RF_project\\results\\browser\\traces\\temp\\9dd1d19e-80fb-4f0d-920d-fb0e525ca014"}</msg>
<arg>browser=chromium</arg>
<arg>headless=False</arg>
<arg>slowMo=1s</arg>
<arg>timeout=30s</arg>
<tag>BrowserControl</tag>
<tag>Setter</tag>
<doc>Create a new playwright Browser with specified options.</doc>
<status status="PASS" start="2025-08-22T16:58:23.161624" elapsed="1.447508"/>
</kw>
<kw name="New Context" owner="Browser">
<msg time="2025-08-22T16:58:24.614956" level="INFO">{
  "acceptDownloads": true,
  "bypassCSP": false,
  "defaultBrowserType": "chromium",
  "forcedColors": "none",
  "ignoreHTTPSErrors": false,
  "javaScriptEnabled": true,
  "offline": false,
  "reducedMotion": "no-preference",
  "serviceWorkers": "allow",
  "tracing": true,
  "viewport": {
    "width": 1280,
    "height": 720
  }
}</msg>
<msg time="2025-08-22T16:58:24.685129" level="INFO">Successfully created context and trace file will be saved to: D:\RF_project\results\browser\traces\trace_context=a34992bd-2ae1-4b25-92ce-32657afa67a1.zip</msg>
<msg time="2025-08-22T16:58:24.686133" level="INFO">{'acceptDownloads': True, 'bypassCSP': False, 'defaultBrowserType': 'chromium', 'forcedColors': 'none', 'ignoreHTTPSErrors': False, 'javaScriptEnabled': True, 'offline': False, 'reducedMotion': 'no-preference', 'serviceWorkers': 'allow', 'tracing': True, 'viewport': {'width': 1280, 'height': 720}, 'trace': {'screenshots': True, 'snapshots': True}}</msg>
<arg>tracing=True</arg>
<arg>viewport={"width": 1280, "height": 720}</arg>
<arg>defaultBrowserType=chromium</arg>
<tag>BrowserControl</tag>
<tag>Setter</tag>
<doc>Create a new BrowserContext with specified options.</doc>
<status status="PASS" start="2025-08-22T16:58:24.610645" elapsed="0.076484"/>
</kw>
<kw name="New Page" owner="Browser">
<msg time="2025-08-22T16:58:28.112511" level="INFO">Successfully initialized new page object and opened url: https://www.saucedemo.com/</msg>
<arg>${CONSTANTS_START_URL}</arg>
<tag>BrowserControl</tag>
<tag>Setter</tag>
<doc>Open a new Page.</doc>
<status status="PASS" start="2025-08-22T16:58:24.697031" elapsed="3.415480"/>
</kw>
<status status="PASS" start="2025-08-22T16:58:23.159617" elapsed="4.956248"/>
</kw>
<test id="s1-s1-s1-t1" name="Modify Cart Based On Price" line="8">
<kw name="Handle Cart Items By Price" owner="cart">
<kw name="Log In" owner="login">
<kw name="Fill Text" owner="Browser">
<msg time="2025-08-22T16:58:28.140634" level="INFO">Fills the text 'standard_user' in the given field.</msg>
<arg>${LOCATORS_AUTH_USERNAME}</arg>
<arg>${CONSTANTS_USERNAME}</arg>
<tag>PageContent</tag>
<tag>Setter</tag>
<doc>Clears and fills the given ``txt`` into the text field found by ``selector``.</doc>
<status status="PASS" start="2025-08-22T16:58:28.135738" elapsed="1.068202"/>
</kw>
<kw name="Fill Text" owner="Browser">
<msg time="2025-08-22T16:58:29.218179" level="INFO">Fills the text 'secret_sauce' in the given field.</msg>
<arg>${LOCATORS_AUTH_PASSWORD}</arg>
<arg>${CONSTANTS_PASSWORD}</arg>
<tag>PageContent</tag>
<tag>Setter</tag>
<doc>Clears and fills the given ``txt`` into the text field found by ``selector``.</doc>
<status status="PASS" start="2025-08-22T16:58:29.211458" elapsed="1.068182"/>
</kw>
<kw name="Click" owner="Browser">
<msg time="2025-08-22T16:58:30.288179" level="INFO">Clicks the element 'input[data-test='login-button']'.</msg>
<arg>${LOCATORS_AUTH_LOGIN_BUTTON}</arg>
<tag>PageContent</tag>
<tag>Setter</tag>
<doc>Simulates mouse click on the element found by ``selector``.</doc>
<status status="PASS" start="2025-08-22T16:58:30.283629" elapsed="1.180599"/>
</kw>
<status status="PASS" start="2025-08-22T16:58:28.133178" elapsed="3.347050"/>
</kw>
<kw name="Add All Items To Cart" owner="add_items">
<kw name="Get Elements" owner="Browser">
<msg time="2025-08-22T16:58:31.607295" level="INFO">Found locator('.inventory_item button').first(),locator('.inventory_item button').nth(1),locator('.inventory_item button').nth(2),locator('.inventory_item button').nth(3),locator('.inventory_item button').nth(4),locator('.inventory_item button').nth(5) Locators successfully.</msg>
<msg time="2025-08-22T16:58:31.608297" level="INFO">${buttons} = ['.inventory_item button &gt;&gt; nth=0', '.inventory_item button &gt;&gt; nth=1', '.inventory_item button &gt;&gt; nth=2', '.inventory_item button &gt;&gt; nth=3', '.inventory_item button &gt;&gt; nth=4', '.inventory_item button ...</msg>
<var>${buttons}</var>
<arg>${LOCATOR_ADD_TO_CART_BTN}</arg>
<tag>Getter</tag>
<tag>PageContent</tag>
<doc>Returns a reference to Playwright [https://playwright.dev/docs/api/class-locator|Locator]
for all matched elements by ``selector``.</doc>
<status status="PASS" start="2025-08-22T16:58:31.511715" elapsed="0.097586"/>
</kw>
<kw name="Get Length" owner="BuiltIn">
<msg time="2025-08-22T16:58:31.625506" level="INFO">Length is 6.</msg>
<msg time="2025-08-22T16:58:31.628105" level="INFO">${count} = 6</msg>
<var>${count}</var>
<arg>${buttons}</arg>
<doc>Returns and logs the length of the given item as an integer.</doc>
<status status="PASS" start="2025-08-22T16:58:31.617304" elapsed="0.011798"/>
</kw>
<for flavor="IN RANGE">
<iter>
<kw name="Click" owner="Browser">
<msg time="2025-08-22T16:58:31.669662" level="INFO">Clicks the element '.inventory_item button &gt;&gt; nth=0'.</msg>
<arg>${buttons}[${index}]</arg>
<tag>PageContent</tag>
<tag>Setter</tag>
<doc>Simulates mouse click on the element found by ``selector``.</doc>
<status status="PASS" start="2025-08-22T16:58:31.654306" elapsed="1.101153"/>
</kw>
<kw name="Wait For Elements State" owner="Browser">
<msg time="2025-08-22T16:58:32.791700" level="INFO">Waited for Element with selector .shopping_cart_badge at state visible</msg>
<arg>${LOCATOR_CART_BADGE}</arg>
<arg>visible</arg>
<arg>5s</arg>
<tag>PageContent</tag>
<tag>Wait</tag>
<doc>Waits for the element found by ``selector`` to satisfy state option.</doc>
<status status="PASS" start="2025-08-22T16:58:32.766915" elapsed="0.026781"/>
</kw>
<kw name="Get Text" owner="Browser">
<msg time="2025-08-22T16:58:32.921704" level="INFO">Text: '1'</msg>
<msg time="2025-08-22T16:58:32.922948" level="INFO">${badge} = 1</msg>
<var>${badge}</var>
<arg>${LOCATOR_CART_BADGE}</arg>
<tag>Assertion</tag>
<tag>Getter</tag>
<tag>PageContent</tag>
<doc>Returns text attribute of the element found by ``selector``.</doc>
<status status="PASS" start="2025-08-22T16:58:32.808630" elapsed="0.114318"/>
</kw>
<kw name="Should Be Equal As Integers" owner="BuiltIn">
<msg time="2025-08-22T16:58:32.948061" level="INFO">Argument types are:
&lt;class 'str'&gt;
&lt;class 'int'&gt;</msg>
<arg>${badge}</arg>
<arg>${index + 1}</arg>
<doc>Fails if objects are unequal after converting them to integers.</doc>
<status status="PASS" start="2025-08-22T16:58:32.937243" elapsed="0.011815"/>
</kw>
<var name="${index}">0</var>
<status status="PASS" start="2025-08-22T16:58:31.647068" elapsed="1.311331"/>
</iter>
<iter>
<kw name="Click" owner="Browser">
<msg time="2025-08-22T16:58:32.998402" level="INFO">Clicks the element '.inventory_item button &gt;&gt; nth=1'.</msg>
<arg>${buttons}[${index}]</arg>
<tag>PageContent</tag>
<tag>Setter</tag>
<doc>Simulates mouse click on the element found by ``selector``.</doc>
<status status="PASS" start="2025-08-22T16:58:32.986094" elapsed="1.094322"/>
</kw>
<kw name="Wait For Elements State" owner="Browser">
<msg time="2025-08-22T16:58:34.106816" level="INFO">Waited for Element with selector .shopping_cart_badge at state visible</msg>
<arg>${LOCATOR_CART_BADGE}</arg>
<arg>visible</arg>
<arg>5s</arg>
<tag>PageContent</tag>
<tag>Wait</tag>
<doc>Waits for the element found by ``selector`` to satisfy state option.</doc>
<status status="PASS" start="2025-08-22T16:58:34.084405" elapsed="0.024697"/>
</kw>
<kw name="Get Text" owner="Browser">
<msg time="2025-08-22T16:58:34.154720" level="INFO">Text: '2'</msg>
<msg time="2025-08-22T16:58:34.154720" level="INFO">${badge} = 2</msg>
<var>${badge}</var>
<arg>${LOCATOR_CART_BADGE}</arg>
<tag>Assertion</tag>
<tag>Getter</tag>
<tag>PageContent</tag>
<doc>Returns text attribute of the element found by ``selector``.</doc>
<status status="PASS" start="2025-08-22T16:58:34.113817" elapsed="0.040903"/>
</kw>
<kw name="Should Be Equal As Integers" owner="BuiltIn">
<msg time="2025-08-22T16:58:34.171837" level="INFO">Argument types are:
&lt;class 'str'&gt;
&lt;class 'int'&gt;</msg>
<arg>${badge}</arg>
<arg>${index + 1}</arg>
<doc>Fails if objects are unequal after converting them to integers.</doc>
<status status="PASS" start="2025-08-22T16:58:34.166085" elapsed="0.006980"/>
</kw>
<var name="${index}">1</var>
<status status="PASS" start="2025-08-22T16:58:32.979733" elapsed="1.200195"/>
</iter>
<iter>
<kw name="Click" owner="Browser">
<msg time="2025-08-22T16:58:34.194737" level="INFO">Clicks the element '.inventory_item button &gt;&gt; nth=2'.</msg>
<arg>${buttons}[${index}]</arg>
<tag>PageContent</tag>
<tag>Setter</tag>
<doc>Simulates mouse click on the element found by ``selector``.</doc>
<status status="PASS" start="2025-08-22T16:58:34.187711" elapsed="1.075794"/>
</kw>
<kw name="Wait For Elements State" owner="Browser">
<msg time="2025-08-22T16:58:35.289939" level="INFO">Waited for Element with selector .shopping_cart_badge at state visible</msg>
<arg>${LOCATOR_CART_BADGE}</arg>
<arg>visible</arg>
<arg>5s</arg>
<tag>PageContent</tag>
<tag>Wait</tag>
<doc>Waits for the element found by ``selector`` to satisfy state option.</doc>
<status status="PASS" start="2025-08-22T16:58:35.268030" elapsed="0.023283"/>
</kw>
<kw name="Get Text" owner="Browser">
<msg time="2025-08-22T16:58:35.345145" level="INFO">Text: '3'</msg>
<msg time="2025-08-22T16:58:35.347005" level="INFO">${badge} = 3</msg>
<var>${badge}</var>
<arg>${LOCATOR_CART_BADGE}</arg>
<tag>Assertion</tag>
<tag>Getter</tag>
<tag>PageContent</tag>
<doc>Returns text attribute of the element found by ``selector``.</doc>
<status status="PASS" start="2025-08-22T16:58:35.300956" elapsed="0.046128"/>
</kw>
<kw name="Should Be Equal As Integers" owner="BuiltIn">
<msg time="2025-08-22T16:58:35.355245" level="INFO">Argument types are:
&lt;class 'str'&gt;
&lt;class 'int'&gt;</msg>
<arg>${badge}</arg>
<arg>${index + 1}</arg>
<doc>Fails if objects are unequal after converting them to integers.</doc>
<status status="PASS" start="2025-08-22T16:58:35.350712" elapsed="0.004533"/>
</kw>
<var name="${index}">2</var>
<status status="PASS" start="2025-08-22T16:58:34.182952" elapsed="1.178465"/>
</iter>
<iter>
<kw name="Click" owner="Browser">
<msg time="2025-08-22T16:58:35.379840" level="INFO">Clicks the element '.inventory_item button &gt;&gt; nth=3'.</msg>
<arg>${buttons}[${index}]</arg>
<tag>PageContent</tag>
<tag>Setter</tag>
<doc>Simulates mouse click on the element found by ``selector``.</doc>
<status status="PASS" start="2025-08-22T16:58:35.374583" elapsed="1.062262"/>
</kw>
<kw name="Wait For Elements State" owner="Browser">
<msg time="2025-08-22T16:58:36.471903" level="INFO">Waited for Element with selector .shopping_cart_badge at state visible</msg>
<arg>${LOCATOR_CART_BADGE}</arg>
<arg>visible</arg>
<arg>5s</arg>
<tag>PageContent</tag>
<tag>Wait</tag>
<doc>Waits for the element found by ``selector`` to satisfy state option.</doc>
<status status="PASS" start="2025-08-22T16:58:36.445345" elapsed="0.027563"/>
</kw>
<kw name="Get Text" owner="Browser">
<msg time="2025-08-22T16:58:36.535532" level="INFO">Text: '4'</msg>
<msg time="2025-08-22T16:58:36.537047" level="INFO">${badge} = 4</msg>
<var>${badge}</var>
<arg>${LOCATOR_CART_BADGE}</arg>
<tag>Assertion</tag>
<tag>Getter</tag>
<tag>PageContent</tag>
<doc>Returns text attribute of the element found by ``selector``.</doc>
<status status="PASS" start="2025-08-22T16:58:36.482448" elapsed="0.055645"/>
</kw>
<kw name="Should Be Equal As Integers" owner="BuiltIn">
<msg time="2025-08-22T16:58:36.554092" level="INFO">Argument types are:
&lt;class 'str'&gt;
&lt;class 'int'&gt;</msg>
<arg>${badge}</arg>
<arg>${index + 1}</arg>
<doc>Fails if objects are unequal after converting them to integers.</doc>
<status status="PASS" start="2025-08-22T16:58:36.547372" elapsed="0.007226"/>
</kw>
<var name="${index}">3</var>
<status status="PASS" start="2025-08-22T16:58:35.367273" elapsed="1.193846"/>
</iter>
<iter>
<kw name="Click" owner="Browser">
<msg time="2025-08-22T16:58:36.581975" level="INFO">Clicks the element '.inventory_item button &gt;&gt; nth=4'.</msg>
<arg>${buttons}[${index}]</arg>
<tag>PageContent</tag>
<tag>Setter</tag>
<doc>Simulates mouse click on the element found by ``selector``.</doc>
<status status="PASS" start="2025-08-22T16:58:36.574123" elapsed="1.057108"/>
</kw>
<kw name="Wait For Elements State" owner="Browser">
<msg time="2025-08-22T16:58:37.653809" level="INFO">Waited for Element with selector .shopping_cart_badge at state visible</msg>
<arg>${LOCATOR_CART_BADGE}</arg>
<arg>visible</arg>
<arg>5s</arg>
<tag>PageContent</tag>
<tag>Wait</tag>
<doc>Waits for the element found by ``selector`` to satisfy state option.</doc>
<status status="PASS" start="2025-08-22T16:58:37.635002" elapsed="0.018807"/>
</kw>
<kw name="Get Text" owner="Browser">
<msg time="2025-08-22T16:58:37.707479" level="INFO">Text: '5'</msg>
<msg time="2025-08-22T16:58:37.709507" level="INFO">${badge} = 5</msg>
<var>${badge}</var>
<arg>${LOCATOR_CART_BADGE}</arg>
<tag>Assertion</tag>
<tag>Getter</tag>
<tag>PageContent</tag>
<doc>Returns text attribute of the element found by ``selector``.</doc>
<status status="PASS" start="2025-08-22T16:58:37.660434" elapsed="0.050076"/>
</kw>
<kw name="Should Be Equal As Integers" owner="BuiltIn">
<msg time="2025-08-22T16:58:37.722353" level="INFO">Argument types are:
&lt;class 'str'&gt;
&lt;class 'int'&gt;</msg>
<arg>${badge}</arg>
<arg>${index + 1}</arg>
<doc>Fails if objects are unequal after converting them to integers.</doc>
<status status="PASS" start="2025-08-22T16:58:37.717126" elapsed="0.005227"/>
</kw>
<var name="${index}">4</var>
<status status="PASS" start="2025-08-22T16:58:36.567085" elapsed="1.161249"/>
</iter>
<iter>
<kw name="Click" owner="Browser">
<msg time="2025-08-22T16:58:37.744487" level="INFO">Clicks the element '.inventory_item button &gt;&gt; nth=5'.</msg>
<arg>${buttons}[${index}]</arg>
<tag>PageContent</tag>
<tag>Setter</tag>
<doc>Simulates mouse click on the element found by ``selector``.</doc>
<status status="PASS" start="2025-08-22T16:58:37.736917" elapsed="1.078123"/>
</kw>
<kw name="Wait For Elements State" owner="Browser">
<msg time="2025-08-22T16:58:38.852382" level="INFO">Waited for Element with selector .shopping_cart_badge at state visible</msg>
<arg>${LOCATOR_CART_BADGE}</arg>
<arg>visible</arg>
<arg>5s</arg>
<tag>PageContent</tag>
<tag>Wait</tag>
<doc>Waits for the element found by ``selector`` to satisfy state option.</doc>
<status status="PASS" start="2025-08-22T16:58:38.820337" elapsed="0.032045"/>
</kw>
<kw name="Get Text" owner="Browser">
<msg time="2025-08-22T16:58:38.903329" level="INFO">Text: '6'</msg>
<msg time="2025-08-22T16:58:38.903329" level="INFO">${badge} = 6</msg>
<var>${badge}</var>
<arg>${LOCATOR_CART_BADGE}</arg>
<tag>Assertion</tag>
<tag>Getter</tag>
<tag>PageContent</tag>
<doc>Returns text attribute of the element found by ``selector``.</doc>
<status status="PASS" start="2025-08-22T16:58:38.857913" elapsed="0.045416"/>
</kw>
<kw name="Should Be Equal As Integers" owner="BuiltIn">
<msg time="2025-08-22T16:58:38.916950" level="INFO">Argument types are:
&lt;class 'str'&gt;
&lt;class 'int'&gt;</msg>
<arg>${badge}</arg>
<arg>${index + 1}</arg>
<doc>Fails if objects are unequal after converting them to integers.</doc>
<status status="PASS" start="2025-08-22T16:58:38.909186" elapsed="0.007764"/>
</kw>
<var name="${index}">5</var>
<status status="PASS" start="2025-08-22T16:58:37.734119" elapsed="1.185899"/>
</iter>
<var>${index}</var>
<value>${count}</value>
<status status="PASS" start="2025-08-22T16:58:31.638599" elapsed="7.285468"/>
</for>
<status status="PASS" start="2025-08-22T16:58:31.492724" elapsed="7.439473"/>
</kw>
<kw name="Go To Cart" owner="add_items">
<kw name="Click" owner="Browser">
<msg time="2025-08-22T16:58:38.950829" level="INFO">Clicks the element '#shopping_cart_container'.</msg>
<arg>${LOCATOR_CART_CONTAINER}</arg>
<tag>PageContent</tag>
<tag>Setter</tag>
<doc>Simulates mouse click on the element found by ``selector``.</doc>
<status status="PASS" start="2025-08-22T16:58:38.946815" elapsed="1.073841"/>
</kw>
<status status="PASS" start="2025-08-22T16:58:38.938445" elapsed="1.092186"/>
</kw>
<kw name="Get Elements" owner="Browser">
<msg time="2025-08-22T16:58:50.077052" level="INFO">Found  Locators successfully.</msg>
<msg time="2025-08-22T16:58:50.078040" level="INFO">${items} = []</msg>
<var>${items}</var>
<arg>${LOCATOR_CART_ITEM_PRICE}</arg>
<tag>Getter</tag>
<tag>PageContent</tag>
<doc>Returns a reference to Playwright [https://playwright.dev/docs/api/class-locator|Locator]
for all matched elements by ``selector``.</doc>
<status status="PASS" start="2025-08-22T16:58:40.039665" elapsed="10.038375"/>
</kw>
<for flavor="IN">
<iter>
<kw name="Get Text" owner="Browser">
<var>${price_text}</var>
<arg>${item}</arg>
<tag>Assertion</tag>
<tag>Getter</tag>
<tag>PageContent</tag>
<doc>Returns text attribute of the element found by ``selector``.</doc>
<status status="NOT RUN" start="2025-08-22T16:58:50.089045" elapsed="0.008005"/>
</kw>
<kw name="Remove String" owner="String">
<var>${price_text}</var>
<arg>${price_text}</arg>
<arg>$</arg>
<arg>"</arg>
<doc>Removes all ``removables`` from the given ``string``.</doc>
<status status="NOT RUN" start="2025-08-22T16:58:50.100751" elapsed="0.003896"/>
</kw>
<kw name="Convert To Number" owner="BuiltIn">
<var>${price}</var>
<arg>${price_text}</arg>
<doc>Converts the given item to a floating point number.</doc>
<status status="NOT RUN" start="2025-08-22T16:58:50.109285" elapsed="0.003964"/>
</kw>
<if>
<branch type="IF" condition="${price} &lt; 20">
<kw name="Log To Console" owner="BuiltIn">
<arg>Item price ${price} &lt; 20 -&gt; keeping in cart</arg>
<doc>Logs the given message to the console.</doc>
<status status="NOT RUN" start="2025-08-22T16:58:50.119379" elapsed="0.003631"/>
</kw>
<status status="NOT RUN" start="2025-08-22T16:58:50.115324" elapsed="0.014878"/>
</branch>
<branch type="ELSE">
<kw name="Get Element" owner="Browser">
<var>${remove_btn}</var>
<arg>${LOCATOR_CART_ITEM}</arg>
<arg>${LOCATOR_CART_REMOVE_BTN}</arg>
<tag>Getter</tag>
<tag>PageContent</tag>
<doc>Returns a reference to a Playwright [https://playwright.dev/docs/api/class-locator|Locator].</doc>
<status status="NOT RUN" start="2025-08-22T16:58:50.137156" elapsed="0.004338"/>
</kw>
<kw name="Click" owner="Browser">
<arg>${remove_btn}</arg>
<tag>PageContent</tag>
<tag>Setter</tag>
<doc>Simulates mouse click on the element found by ``selector``.</doc>
<status status="NOT RUN" start="2025-08-22T16:58:50.147045" elapsed="0.002996"/>
</kw>
<kw name="Log To Console" owner="BuiltIn">
<arg>Item price ${price} &gt; 20 -&gt; removed from cart</arg>
<doc>Logs the given message to the console.</doc>
<status status="NOT RUN" start="2025-08-22T16:58:50.153033" elapsed="0.003782"/>
</kw>
<status status="NOT RUN" start="2025-08-22T16:58:50.134206" elapsed="0.033486"/>
</branch>
<status status="NOT RUN" start="2025-08-22T16:58:50.115324" elapsed="0.056376"/>
</if>
<var name="${item}"/>
<status status="NOT RUN" start="2025-08-22T16:58:50.084126" elapsed="0.087574"/>
</iter>
<var>${item}</var>
<value>@{items}</value>
<status status="NOT RUN" start="2025-08-22T16:58:50.080509" elapsed="0.097454"/>
</for>
<status status="PASS" start="2025-08-22T16:58:28.129188" elapsed="22.051204"/>
</kw>
<kw name="Check All Items In Cart" owner="add_items">
<kw name="Get Elements" owner="Browser">
<msg time="2025-08-22T16:59:00.233862" level="INFO">Found  Locators successfully.</msg>
<msg time="2025-08-22T16:59:00.233862" level="INFO">${items} = []</msg>
<var>${items}</var>
<arg>${LOCATOR_ITEM_LIST}</arg>
<tag>Getter</tag>
<tag>PageContent</tag>
<doc>Returns a reference to Playwright [https://playwright.dev/docs/api/class-locator|Locator]
for all matched elements by ``selector``.</doc>
<status status="PASS" start="2025-08-22T16:58:50.188242" elapsed="10.046716"/>
</kw>
<status status="PASS" start="2025-08-22T16:58:50.183557" elapsed="10.054562"/>
</kw>
<status status="PASS" start="2025-08-22T16:58:28.119339" elapsed="32.127717"/>
</test>
<kw name="Close Browser" owner="Browser" type="TEARDOWN">
<msg time="2025-08-22T16:59:01.228323" level="INFO">Closed browser</msg>
<tag>BrowserControl</tag>
<tag>Setter</tag>
<doc>Closes the current browser.</doc>
<status status="PASS" start="2025-08-22T16:59:00.274130" elapsed="0.955196"/>
</kw>
<status status="PASS" start="2025-08-22T16:58:22.848314" elapsed="38.381012"/>
</suite>
<status status="PASS" start="2025-08-22T16:58:22.842854" elapsed="38.405808"/>
</suite>
<status status="PASS" start="2025-08-22T16:58:22.732311" elapsed="38.522191"/>
</suite>
<statistics>
<total>
<stat pass="1" fail="0" skip="0">All Tests</stat>
</total>
<tag>
</tag>
<suite>
<stat name="RF project" id="s1" pass="1" fail="0" skip="0">RF project</stat>
<stat name="Robot" id="s1-s1" pass="1" fail="0" skip="0">RF project.Robot</stat>
<stat name="Test Cart" id="s1-s1-s1" pass="1" fail="0" skip="0">RF project.Robot.Test Cart</stat>
</suite>
</statistics>
<errors>
</errors>
</robot>
