<?xml version="1.0" encoding="UTF-8"?>
<robot generator="Robot 7.3.2 (Python 3.11.0 on win32)" generated="2025-08-29T10:48:26.928063" rpa="false" schemaversion="5">
<suite id="s1" name="RF project" source="D:\RF_project">
<suite id="s1-s1" name="Robot" source="D:\RF_project\robot">
<suite id="s1-s1-s1" name="Api Test" source="D:\RF_project\robot\api_test.robot">
<kw name="Create Session" owner="RequestsLibrary" type="SETUP">
<msg time="2025-08-29T10:48:27.058634" level="INFO">Creating Session using : alias=API_SESSION, url=https://automationexercise.com/api, headers={'Content-Type': 'application/json', 'Accept': 'application/json'},                     cookies={}, auth=None, timeout=None, proxies=None, verify=True,                     debug=0 </msg>
<arg>alias=${SESSION_ALIAS}</arg>
<arg>url=${BASE_URL}</arg>
<arg>verify=True</arg>
<arg>headers={"Content-Type": "application/json", "Accept": "application/json"}</arg>
<doc>Create Session: create a HTTP session to a server</doc>
<status status="PASS" start="2025-08-29T10:48:27.057620" elapsed="0.001014"/>
</kw>
<test id="s1-s1-s1-t1" name="Update User Account" line="100">
<kw name="Create Dictionary" owner="BuiltIn">
<msg time="2025-08-29T10:48:27.062160" level="INFO">${data} = {'name': 'Inji Nuraliyeva', 'email': 'inji123@gmail.com', 'password': 'inji00', 'title': 'Mrs', 'birth_date': '12', 'birth_month': 'April', 'birth_year': '2004', 'firstname': 'Inji', 'lastname': 'Nura...</msg>
<var>${data}</var>
<arg>name=Inji Nuraliyeva</arg>
<arg>email=${TEST_EMAIL}</arg>
<arg>password=${TEST_PASSWORD}</arg>
<arg>title=Mrs</arg>
<arg>birth_date=12</arg>
<arg>birth_month=April</arg>
<arg>birth_year=2004</arg>
<arg>firstname=Inji</arg>
<arg>lastname=Nuraliyeva</arg>
<arg>company=Andersen</arg>
<arg>country=Azerbaijan</arg>
<arg>zipcode=12345</arg>
<arg>city=Baku</arg>
<arg>mobile_number=987654321</arg>
<doc>Creates and returns a dictionary based on the given ``items``.</doc>
<status status="PASS" start="2025-08-29T10:48:27.061656" elapsed="0.000504"/>
</kw>
<kw name="PUT On Session" owner="RequestsLibrary">
<msg time="2025-08-29T10:48:27.963785" level="INFO">PUT Request : url=https://automationexercise.com/api/updateAccount 
 path_url=/api/updateAccount 
 headers={'User-Agent': 'python-requests/2.32.5', 'Accept-Encoding': 'gzip, deflate, zstd', 'Accept': 'application/json', 'Connection': 'keep-alive', 'Content-Type': 'application/json', 'Content-Length': '322'} 
 body=b'{"name": "Inji Nuraliyeva", "email": "inji123@gmail.com", "password": "inji00", "title": "Mrs", "birth_date": "12", "birth_month": "April", "birth_year": "2004", "firstname": "Inji", "lastname": "Nuraliyeva", "company": "Andersen", "country": "Azerbaijan", "zipcode": "12345", "city": "Baku", "mobile_number": "987654321"}' 
 </msg>
<msg time="2025-08-29T10:48:27.963785" level="INFO">PUT Response : url=https://automationexercise.com/api/updateAccount 
 status=200, reason=OK 
 headers={'Date': 'Fri, 29 Aug 2025 06:48:27 GMT', 'Content-Type': 'text/html; charset=utf-8', 'Transfer-Encoding': 'chunked', 'Connection': 'keep-alive', 'vary': 'Accept,Cookie,Accept-Encoding', 'referrer-policy': 'same-origin', 'x-frame-options': 'DENY', 'x-content-type-options': 'nosniff', 'allow': 'PUT, OPTIONS', 'x-powered-by': 'Phusion Passenger(R) 6.0.23', 'status': '200 OK', 'Report-To': '{"group":"cf-nel","max_age":604800,"endpoints":[{"url":"https://a.nel.cloudflare.com/report/v4?s=VXEvzl1b4P65KCNb0OUhlJoxBy4CiUHUWj2bOZO%2B5QLi8VieAeYCceWYiF1b484%2Fb2VRNwlpXAusuRZZ1j8eWWwz1X17dpe68TyW86kyGr7IMddMc6A%3D"}]}', 'Server': 'cloudflare', 'cf-cache-status': 'DYNAMIC', 'Nel': '{"report_to":"cf-nel","success_fraction":0.0,"max_age":604800}', 'Content-Encoding': 'zstd', 'CF-RAY': '976a1a511d3e9dcc-LLK', 'alt-svc': 'h3=":443"; ma=86400'} 
 body={"responseCode": 400, "message": "Bad request, email parameter is missing in PUT request."} 
 </msg>
<msg time="2025-08-29T10:48:27.963785" level="INFO">${response} = &lt;Response [200]&gt;</msg>
<var>${response}</var>
<arg>${SESSION_ALIAS}</arg>
<arg>/updateAccount</arg>
<arg>json=${data}</arg>
<doc>Sends a PUT request on a previously created HTTP Session.</doc>
<status status="PASS" start="2025-08-29T10:48:27.062664" elapsed="0.901121"/>
</kw>
<kw name="Should Be Equal As Integers" owner="BuiltIn">
<msg time="2025-08-29T10:48:27.963785" level="INFO">Argument types are:
&lt;class 'int'&gt;
&lt;class 'str'&gt;</msg>
<arg>${response.status_code}</arg>
<arg>200</arg>
<doc>Fails if objects are unequal after converting them to integers.</doc>
<status status="PASS" start="2025-08-29T10:48:27.963785" elapsed="0.003824"/>
</kw>
<kw name="Log" owner="BuiltIn">
<msg time="2025-08-29T10:48:27.969697" level="INFO">{'responseCode': 400, 'message': 'Bad request, email parameter is missing in PUT request.'}</msg>
<arg>${response.json()}</arg>
<doc>Logs the given message with the given level.</doc>
<status status="PASS" start="2025-08-29T10:48:27.968118" elapsed="0.001579"/>
</kw>
<tag>api</tag>
<tag>put</tag>
<status status="PASS" start="2025-08-29T10:48:27.059634" elapsed="0.910580"/>
</test>
<kw name="Delete All Sessions" owner="RequestsLibrary" type="TEARDOWN">
<msg time="2025-08-29T10:48:27.974947" level="INFO">Deleting All Sessions</msg>
<doc>Removes all the session objects</doc>
<status status="PASS" start="2025-08-29T10:48:27.974947" elapsed="0.000000"/>
</kw>
<status status="PASS" start="2025-08-29T10:48:26.968114" elapsed="1.010108"/>
</suite>
<status status="PASS" start="2025-08-29T10:48:26.965391" elapsed="1.015630"/>
</suite>
<status status="PASS" start="2025-08-29T10:48:26.933835" elapsed="1.050090"/>
</suite>
<statistics>
<total>
<stat pass="1" fail="0" skip="0">All Tests</stat>
</total>
<tag>
<stat pass="1" fail="0" skip="0">api</stat>
<stat pass="1" fail="0" skip="0">put</stat>
</tag>
<suite>
<stat name="RF project" id="s1" pass="1" fail="0" skip="0">RF project</stat>
<stat name="Robot" id="s1-s1" pass="1" fail="0" skip="0">RF project.Robot</stat>
<stat name="Api Test" id="s1-s1-s1" pass="1" fail="0" skip="0">RF project.Robot.Api Test</stat>
</suite>
</statistics>
<errors>
</errors>
</robot>
